<?xml version="1.0" encoding="UTF-8"?>
<!-- Generated by org.testng.reporters.JUnitXMLReporter -->
<testsuite hostname="Dell-PC" ignored="1" name="Test" tests="93" failures="0" timestamp="27 May 2021 07:02:22 GMT" time="4.366" errors="0">
  <testcase name="@BeforeSuite OperatorsPg" time="0.0" classname="com.jbk.test.OperatorsTest">
    <failure type="java.lang.NoSuchMethodError" message="com.jbk.pages.LoginPage.navigateToDashboardPg()Lcom/jbk/pages/DashboardPage;">
      <![CDATA[java.lang.NoSuchMethodError: com.jbk.pages.LoginPage.navigateToDashboardPg()Lcom/jbk/pages/DashboardPage;
	at com.jbk.test.OperatorsTest.OperatorsPg(OperatorsTest.java:21)
... Removed 19 stack frames]]>
    </failure>
  </testcase> <!-- @BeforeSuite OperatorsPg -->
  <testcase name="@BeforeSuite OpenBrowser" time="0.0" classname="com.jbk.test.RegisterTest">
    <skipped/>
  </testcase> <!-- @BeforeSuite OpenBrowser -->
  <testcase name="@BeforeSuite openBrowser" time="0.0" classname="com.jbk.test.UsefulLinkTest">
    <skipped/>
  </testcase> <!-- @BeforeSuite openBrowser -->
  <testcase name="@BeforeSuite OpenBrowser" time="0.0" classname="com.jbk.test.UsersTest">
    <skipped/>
  </testcase> <!-- @BeforeSuite OpenBrowser -->
  <testcase name="@BeforeMethod openBrower" time="0.0" classname="com.jbk.test.LoginTest">
    <skipped/>
  </testcase> <!-- @BeforeMethod openBrower -->
  <testcase name="@AfterMethod closeBrowser" time="0.0" classname="com.jbk.test.LoginTest">
    <skipped/>
  </testcase> <!-- @AfterMethod closeBrowser -->
  <testcase name="@BeforeMethod openBrowser" time="0.0" classname="com.jbk.test.AddUserTest">
    <skipped/>
  </testcase> <!-- @BeforeMethod openBrowser -->
  <testcase name="@AfterMethod tearDown" time="0.0" classname="com.jbk.test.AddUserTest">
    <skipped/>
  </testcase> <!-- @AfterMethod tearDown -->
  <testcase name="@BeforeMethod openBrower" time="0.0" classname="com.jbk.test.LoginTest">
    <skipped/>
  </testcase> <!-- @BeforeMethod openBrower -->
  <testcase name="@AfterMethod closeBrowser" time="0.0" classname="com.jbk.test.LoginTest">
    <skipped/>
  </testcase> <!-- @AfterMethod closeBrowser -->
  <testcase name="@BeforeMethod openBrowser" time="0.0" classname="com.jbk.test.AddUserTest">
    <skipped/>
  </testcase> <!-- @BeforeMethod openBrowser -->
  <testcase name="@AfterMethod tearDown" time="0.0" classname="com.jbk.test.AddUserTest">
    <skipped/>
  </testcase> <!-- @AfterMethod tearDown -->
  <testcase name="@BeforeMethod openBrower" time="0.0" classname="com.jbk.test.LoginTest">
    <skipped/>
  </testcase> <!-- @BeforeMethod openBrower -->
  <testcase name="@AfterMethod closeBrowser" time="0.0" classname="com.jbk.test.LoginTest">
    <skipped/>
  </testcase> <!-- @AfterMethod closeBrowser -->
  <testcase name="@BeforeMethod openBrowser" time="0.0" classname="com.jbk.test.AddUserTest">
    <skipped/>
  </testcase> <!-- @BeforeMethod openBrowser -->
  <testcase name="@AfterMethod tearDown" time="0.0" classname="com.jbk.test.AddUserTest">
    <skipped/>
  </testcase> <!-- @AfterMethod tearDown -->
  <testcase name="@BeforeMethod openBrower" time="0.0" classname="com.jbk.test.LoginTest">
    <skipped/>
  </testcase> <!-- @BeforeMethod openBrower -->
  <testcase name="@AfterMethod closeBrowser" time="0.0" classname="com.jbk.test.LoginTest">
    <skipped/>
  </testcase> <!-- @AfterMethod closeBrowser -->
  <testcase name="@BeforeMethod openBrowser" time="0.0" classname="com.jbk.test.AddUserTest">
    <skipped/>
  </testcase> <!-- @BeforeMethod openBrowser -->
  <testcase name="@AfterMethod tearDown" time="0.0" classname="com.jbk.test.AddUserTest">
    <skipped/>
  </testcase> <!-- @AfterMethod tearDown -->
  <testcase name="@BeforeMethod openBrower" time="0.0" classname="com.jbk.test.LoginTest">
    <skipped/>
  </testcase> <!-- @BeforeMethod openBrower -->
  <testcase name="@AfterMethod closeBrowser" time="0.0" classname="com.jbk.test.LoginTest">
    <skipped/>
  </testcase> <!-- @AfterMethod closeBrowser -->
  <testcase name="validateTilte" time="0.0" classname="com.jbk.test.LoginTest">
    <skipped/>
  </testcase> <!-- validateTilte -->
  <testcase name="verifyUrl" time="0.0" classname="com.jbk.test.UsefulLinkTest">
    <skipped/>
  </testcase> <!-- verifyUrl -->
  <testcase name="verifyUrl" time="0.0" classname="com.jbk.test.RegisterTest">
    <skipped/>
  </testcase> <!-- verifyUrl -->
  <testcase name="checkUrl" time="0.0" classname="com.jbk.test.DashboardTest">
    <skipped/>
  </testcase> <!-- checkUrl -->
  <testcase name="verifycontactNoLength" time="0.0" classname="com.jbk.test.OperatorsTest">
    <skipped/>
  </testcase> <!-- verifycontactNoLength -->
  <testcase name="verifyUrl" time="0.0" classname="com.jbk.test.DownloadTest">
    <skipped/>
  </testcase> <!-- verifyUrl -->
  <testcase name="verifyHeadingsAl" time="0.0" classname="com.jbk.test.UsersTest">
    <skipped/>
  </testcase> <!-- verifyHeadingsAl -->
  <testcase name="addUser" time="0.0" classname="com.jbk.test.AddUserTest">
    <skipped/>
  </testcase> <!-- addUser -->
  <testcase name="validateHeadingTest" time="0.0" classname="com.jbk.test.LoginTest">
    <skipped/>
  </testcase> <!-- validateHeadingTest -->
  <testcase name="verifyTitle" time="0.0" classname="com.jbk.test.UsefulLinkTest">
    <skipped/>
  </testcase> <!-- verifyTitle -->
  <testcase name="verifyTitle" time="0.0" classname="com.jbk.test.RegisterTest">
    <skipped/>
  </testcase> <!-- verifyTitle -->
  <testcase name="checkTitle" time="0.0" classname="com.jbk.test.DashboardTest">
    <skipped/>
  </testcase> <!-- checkTitle -->
  <testcase name="verifyNamesInAlphabeticalOrder" time="0.0" classname="com.jbk.test.OperatorsTest">
    <skipped/>
  </testcase> <!-- verifyNamesInAlphabeticalOrder -->
  <testcase name="verifyTitle" time="0.0" classname="com.jbk.test.DownloadTest">
    <skipped/>
  </testcase> <!-- verifyTitle -->
  <testcase name="verifyMobNoLength" time="0.0" classname="com.jbk.test.UsersTest">
    <skipped/>
  </testcase> <!-- verifyMobNoLength -->
  <testcase name="checkLabels" time="0.0" classname="com.jbk.test.AddUserTest">
    <skipped/>
  </testcase> <!-- checkLabels -->
  <testcase name="validateSubHeading" time="0.0" classname="com.jbk.test.LoginTest">
    <skipped/>
  </testcase> <!-- validateSubHeading -->
  <testcase name="verifyHeading" time="0.0" classname="com.jbk.test.UsefulLinkTest">
    <skipped/>
  </testcase> <!-- verifyHeading -->
  <testcase name="verifyHeading" time="0.0" classname="com.jbk.test.RegisterTest">
    <skipped/>
  </testcase> <!-- verifyHeading -->
  <testcase name="checkImage" time="0.0" classname="com.jbk.test.DashboardTest">
    <skipped/>
  </testcase> <!-- checkImage -->
  <testcase name="verifyPrefferedWayToConnect_WhatsApp" time="0.0" classname="com.jbk.test.OperatorsTest">
    <skipped/>
  </testcase> <!-- verifyPrefferedWayToConnect_WhatsApp -->
  <testcase name="verifyMaleGender" time="0.0" classname="com.jbk.test.UsersTest">
    <skipped/>
  </testcase> <!-- verifyMaleGender -->
  <testcase name="verifyStateList" time="0.0" classname="com.jbk.test.AddUserTest">
    <skipped/>
  </testcase> <!-- verifyStateList -->
  <testcase name="validate_SessionHeading" time="0.0" classname="com.jbk.test.LoginTest">
    <skipped/>
  </testcase> <!-- validate_SessionHeading -->
  <testcase name="verifySubHeading" time="0.0" classname="com.jbk.test.UsefulLinkTest">
    <skipped/>
  </testcase> <!-- verifySubHeading -->
  <testcase name="verifyAlreadyMemberText" time="0.0" classname="com.jbk.test.RegisterTest">
    <skipped/>
  </testcase> <!-- verifyAlreadyMemberText -->
  <testcase name="checkHeading" time="0.0" classname="com.jbk.test.DashboardTest">
    <skipped/>
  </testcase> <!-- checkHeading -->
  <testcase name="verifyPrefferedWayToConnect_PhoneCall" time="0.0" classname="com.jbk.test.OperatorsTest">
    <skipped/>
  </testcase> <!-- verifyPrefferedWayToConnect_PhoneCall -->
  <testcase name="verifyHeading" time="0.0" classname="com.jbk.test.DownloadTest">
    <skipped/>
  </testcase> <!-- verifyHeading -->
  <testcase name="verifyStateMaharashtra" time="0.0" classname="com.jbk.test.UsersTest">
    <skipped/>
  </testcase> <!-- verifyStateMaharashtra -->
  <testcase name="verifyStateListThroughExcel" time="0.0" classname="com.jbk.test.AddUserTest">
    <skipped/>
  </testcase> <!-- verifyStateListThroughExcel -->
  <testcase name="validate_WrongEmailAddress" time="0.0" classname="com.jbk.test.LoginTest">
    <skipped/>
  </testcase> <!-- validate_WrongEmailAddress -->
  <testcase name="verifyFooter" time="0.0" classname="com.jbk.test.UsefulLinkTest">
    <skipped/>
  </testcase> <!-- verifyFooter -->
  <testcase name="verifyAlreadyMemberLink" time="0.0" classname="com.jbk.test.RegisterTest">
    <skipped/>
  </testcase> <!-- verifyAlreadyMemberLink -->
  <testcase name="checkSubHeading" time="0.0" classname="com.jbk.test.DashboardTest">
    <skipped/>
  </testcase> <!-- checkSubHeading -->
  <testcase name="verifyPrefferedWayToConnect_WhatsApp_And_PhoneCall" time="0.0" classname="com.jbk.test.OperatorsTest">
    <skipped/>
  </testcase> <!-- verifyPrefferedWayToConnect_WhatsApp_And_PhoneCall -->
  <testcase name="verifySubHeading" time="0.0" classname="com.jbk.test.DownloadTest">
    <skipped/>
  </testcase> <!-- verifySubHeading -->
  <testcase name="verifyUnameInOrder" time="0.0" classname="com.jbk.test.UsersTest">
    <skipped/>
  </testcase> <!-- verifyUnameInOrder -->
  <testcase name="checkNavigation" time="0.0" classname="com.jbk.test.UsefulLinkTest">
    <skipped/>
  </testcase> <!-- checkNavigation -->
  <testcase name="verifyPlaceholders" time="0.0" classname="com.jbk.test.RegisterTest">
    <skipped/>
  </testcase> <!-- verifyPlaceholders -->
  <testcase name="checkCourses" time="0.0" classname="com.jbk.test.DashboardTest">
    <skipped/>
  </testcase> <!-- checkCourses -->
  <testcase name="verifyPrefferedWayToConnect_WhatsApp_ButNot_PhoneCall" time="0.0" classname="com.jbk.test.OperatorsTest">
    <skipped/>
  </testcase> <!-- verifyPrefferedWayToConnect_WhatsApp_ButNot_PhoneCall -->
  <testcase name="verifyFooter" time="0.0" classname="com.jbk.test.DownloadTest">
    <skipped/>
  </testcase> <!-- verifyFooter -->
  <testcase name="verifyGmail_com" time="0.0" classname="com.jbk.test.UsersTest">
    <skipped/>
  </testcase> <!-- verifyGmail_com -->
  <testcase name="checkRightCornerHeading" time="0.0" classname="com.jbk.test.UsefulLinkTest">
    <skipped/>
  </testcase> <!-- checkRightCornerHeading -->
  <testcase name="verifyBlankSignIn" time="0.0" classname="com.jbk.test.RegisterTest">
    <skipped/>
  </testcase> <!-- verifyBlankSignIn -->
  <testcase name="checkSubcourse" time="0.0" classname="com.jbk.test.DashboardTest">
    <skipped/>
  </testcase> <!-- checkSubcourse -->
  <testcase name="verifyFacultiesAvailableOnMonday" time="0.0" classname="com.jbk.test.OperatorsTest">
    <skipped/>
  </testcase> <!-- verifyFacultiesAvailableOnMonday -->
  <testcase name="headingOfTable" time="0.0" classname="com.jbk.test.DownloadTest">
    <skipped/>
  </testcase> <!-- headingOfTable -->
  <testcase name="verifyClickDeleteAlertMsg" time="0.016" classname="com.jbk.test.UsersTest">
    <skipped/>
  </testcase> <!-- verifyClickDeleteAlertMsg -->
  <testcase name="checkLeftCornerHeading" time="0.0" classname="com.jbk.test.UsefulLinkTest">
    <skipped/>
  </testcase> <!-- checkLeftCornerHeading -->
  <testcase name="verifyValidSignIn" time="0.0" classname="com.jbk.test.RegisterTest">
    <skipped/>
  </testcase> <!-- verifyValidSignIn -->
  <testcase name="checkSeqHomeDash" time="0.0" classname="com.jbk.test.DashboardTest">
    <skipped/>
  </testcase> <!-- checkSeqHomeDash -->
  <testcase name="verifyFacultiesNotAvailableOnSunday" time="0.0" classname="com.jbk.test.OperatorsTest">
    <skipped/>
  </testcase> <!-- verifyFacultiesNotAvailableOnSunday -->
  <testcase name="checkNavigation" time="0.0" classname="com.jbk.test.DownloadTest">
    <skipped/>
  </testcase> <!-- checkNavigation -->
  <testcase name="verifySeleniumFaculty" time="0.0" classname="com.jbk.test.UsersTest">
    <skipped/>
  </testcase> <!-- verifySeleniumFaculty -->
  <testcase name="verifyUserStatus" time="0.0" classname="com.jbk.test.UsefulLinkTest">
    <skipped/>
  </testcase> <!-- verifyUserStatus -->
  <testcase name="checkLeftCornerHeading" time="0.0" classname="com.jbk.test.DashboardTest">
    <skipped/>
  </testcase> <!-- checkLeftCornerHeading -->
  <testcase name="verifyComplete_OperatorsTable" time="0.0" classname="com.jbk.test.OperatorsTest">
    <skipped/>
  </testcase> <!-- verifyComplete_OperatorsTable -->
  <testcase name="checkRightCornerHeading" time="0.0" classname="com.jbk.test.DownloadTest">
    <skipped/>
  </testcase> <!-- checkRightCornerHeading -->
  <testcase name="verifyToolTip" time="0.0" classname="com.jbk.test.UsersTest">
    <skipped/>
  </testcase> <!-- verifyToolTip -->
  <testcase name="checkImage" time="0.0" classname="com.jbk.test.UsefulLinkTest">
    <skipped/>
  </testcase> <!-- checkImage -->
  <testcase name="verifyUserStatus" time="0.0" classname="com.jbk.test.DashboardTest">
    <skipped/>
  </testcase> <!-- verifyUserStatus -->
  <testcase name="checkLeftCornerHeading" time="0.0" classname="com.jbk.test.DownloadTest">
    <skipped/>
  </testcase> <!-- checkLeftCornerHeading -->
  <testcase name="verifyComplete_UsersTable" time="0.0" classname="com.jbk.test.UsersTest">
    <skipped/>
  </testcase> <!-- verifyComplete_UsersTable -->
  <testcase name="leftCornerHeading" time="0.0" classname="com.jbk.test.UsefulLinkTest">
    <skipped/>
  </testcase> <!-- leftCornerHeading -->
  <testcase name="verifyFooterStatement" time="0.0" classname="com.jbk.test.DashboardTest">
    <skipped/>
  </testcase> <!-- verifyFooterStatement -->
  <testcase name="verifyUserStatus" time="0.0" classname="com.jbk.test.DownloadTest">
    <skipped/>
  </testcase> <!-- verifyUserStatus -->
  <testcase name="checkHeadersOfTable" time="0.0" classname="com.jbk.test.UsefulLinkTest">
    <skipped/>
  </testcase> <!-- checkHeadersOfTable -->
  <testcase name="verifyNavigationMenuText" time="0.0" classname="com.jbk.test.DashboardTest">
    <skipped/>
  </testcase> <!-- verifyNavigationMenuText -->
  <testcase name="checkImage" time="0.0" classname="com.jbk.test.DownloadTest">
    <skipped/>
  </testcase> <!-- checkImage -->
  <testcase name="verifyDataPresentInTable" time="0.0" classname="com.jbk.test.UsefulLinkTest">
    <skipped/>
  </testcase> <!-- verifyDataPresentInTable -->
  <testcase name="verifyCoursesMoreinfo" time="0.0" classname="com.jbk.test.DashboardTest">
    <skipped/>
  </testcase> <!-- verifyCoursesMoreinfo -->
  <testcase name="leftCornerHeading" time="0.0" classname="com.jbk.test.DownloadTest">
    <skipped/>
  </testcase> <!-- leftCornerHeading -->
  <testcase name="verifyClickGO" time="0.0" classname="com.jbk.test.UsefulLinkTest">
    <skipped/>
  </testcase> <!-- verifyClickGO -->
  <testcase name="clickUsersAndVerifyTitle" time="0.0" classname="com.jbk.test.DashboardTest">
    <skipped/>
  </testcase> <!-- clickUsersAndVerifyTitle -->
  <testcase name="verifyNmsFor32bitBtn" time="0.0" classname="com.jbk.test.DownloadTest">
    <skipped/>
  </testcase> <!-- verifyNmsFor32bitBtn -->
  <testcase name="verifyClickGoExcel" time="0.0" classname="com.jbk.test.UsefulLinkTest">
    <skipped/>
  </testcase> <!-- verifyClickGoExcel -->
  <testcase name="clickUsefulLinkAndVerifyTitle" time="0.0" classname="com.jbk.test.DashboardTest">
    <skipped/>
  </testcase> <!-- clickUsefulLinkAndVerifyTitle -->
  <testcase name="verifyNmsFor64bitBtn" time="0.0" classname="com.jbk.test.DownloadTest">
    <skipped/>
  </testcase> <!-- verifyNmsFor64bitBtn -->
  <testcase name="verifyComplete_UsefulLinksTable" time="0.0" classname="com.jbk.test.UsefulLinkTest">
    <skipped/>
  </testcase> <!-- verifyComplete_UsefulLinksTable -->
  <testcase name="clickOperatorsAndVerifyTitle" time="0.0" classname="com.jbk.test.DashboardTest">
    <skipped/>
  </testcase> <!-- clickOperatorsAndVerifyTitle -->
  <testcase name="verifyNmsForCommanBtnAndOtherBtn" time="0.0" classname="com.jbk.test.DownloadTest">
    <skipped/>
  </testcase> <!-- verifyNmsForCommanBtnAndOtherBtn -->
  <testcase name="verifyContentForClickGo" time="0.0" classname="com.jbk.test.UsefulLinkTest">
    <skipped/>
  </testcase> <!-- verifyContentForClickGo -->
  <testcase name="verifyNmsForCommanColumnBlankEntry" time="0.0" classname="com.jbk.test.DownloadTest">
    <skipped/>
  </testcase> <!-- verifyNmsForCommanColumnBlankEntry -->
  <testcase name="clickDownloadsAndVerifyTitle" time="0.0" classname="com.jbk.test.DashboardTest">
    <skipped/>
  </testcase> <!-- clickDownloadsAndVerifyTitle -->
  <testcase name="verifyVendorForVersion76" time="0.0" classname="com.jbk.test.DownloadTest">
    <skipped/>
  </testcase> <!-- verifyVendorForVersion76 -->
  <testcase name="verifyJBK_Link" time="0.0" classname="com.jbk.test.DashboardTest">
    <skipped/>
  </testcase> <!-- verifyJBK_Link -->
  <testcase name="verifyVendorForOfficialWebsiteColumn" time="0.0" classname="com.jbk.test.DownloadTest">
    <skipped/>
  </testcase> <!-- verifyVendorForOfficialWebsiteColumn -->
  <testcase name="verifyCourseHeading" time="0.0" classname="com.jbk.test.DashboardTest">
    <skipped/>
  </testcase> <!-- verifyCourseHeading -->
  <testcase name="verifyComplete_DownloadsTable" time="0.0" classname="com.jbk.test.DownloadTest">
    <skipped/>
  </testcase> <!-- verifyComplete_DownloadsTable -->
  <testcase name="verifyCourseSubHeading" time="0.0" classname="com.jbk.test.DashboardTest">
    <skipped/>
  </testcase> <!-- verifyCourseSubHeading -->
  <testcase name="verifyTitleOnLogout" time="0.0" classname="com.jbk.test.DashboardTest">
    <skipped/>
  </testcase> <!-- verifyTitleOnLogout -->
  <testcase name="windowHandle" time="0.0" classname="com.jbk.test.DashboardTest">
    <ignored/>
  </testcase> <!-- windowHandle -->
</testsuite> <!-- Test -->
