<?xml version="1.0" encoding="UTF-8"?>
<testng-results skipped="0" failed="0" ignored="4" total="5" passed="1">
  <reporter-output>
  </reporter-output>
  <suite name="Default suite" duration-ms="51220" started-at="2021-05-24T13:49:01Z" finished-at="2021-05-24T13:49:52Z">
    <groups>
    </groups>
    <test name="Default test" duration-ms="51220" started-at="2021-05-24T13:49:01Z" finished-at="2021-05-24T13:49:52Z">
      <class name="com.jbk.test.LoginTest">
        <test-method status="PASS" signature="openBrower()[pri:0, instance:com.jbk.test.LoginTest@6e0e048a]" name="openBrower" is-config="true" duration-ms="46457" started-at="2021-05-24T19:19:01Z" finished-at="2021-05-24T19:19:48Z">
          <reporter-output>
          </reporter-output>
        </test-method> <!-- openBrower -->
        <test-method status="PASS" signature="validateTilte()[pri:1, instance:com.jbk.test.LoginTest@6e0e048a]" name="validateTilte" duration-ms="4167" started-at="2021-05-24T19:19:48Z" finished-at="2021-05-24T19:19:52Z">
          <reporter-output>
          </reporter-output>
        </test-method> <!-- validateTilte -->
        <test-method status="PASS" signature="closeBrowser()[pri:0, instance:com.jbk.test.LoginTest@6e0e048a]" name="closeBrowser" is-config="true" duration-ms="524" started-at="2021-05-24T19:19:52Z" finished-at="2021-05-24T19:19:52Z">
          <reporter-output>
          </reporter-output>
        </test-method> <!-- closeBrowser -->
      </class> <!-- com.jbk.test.LoginTest -->
    </test> <!-- Default test -->
  </suite> <!-- Default suite -->
</testng-results>
