<?xml version="1.0" encoding="UTF-8"?>
<!-- Generated by org.testng.reporters.JUnitXMLReporter -->
<testsuite hostname="Dell-PC" ignored="4" name="Default test" tests="1" failures="0" timestamp="24 May 2021 13:49:53 GMT" time="51.22" errors="0">
  <testcase name="validateTilte" time="4.167" classname="com.jbk.test.LoginTest"/>
  <testcase name="validateHeadingTest" time="0.0" classname="com.jbk.test.LoginTest">
    <ignored/>
  </testcase> <!-- validateHeadingTest -->
  <testcase name="validateSubHeading" time="0.0" classname="com.jbk.test.LoginTest">
    <ignored/>
  </testcase> <!-- validateSubHeading -->
  <testcase name="validate_SessionHeading" time="0.0" classname="com.jbk.test.LoginTest">
    <ignored/>
  </testcase> <!-- validate_SessionHeading -->
  <testcase name="validate_WrongEmailAddress" time="0.0" classname="com.jbk.test.LoginTest">
    <ignored/>
  </testcase> <!-- validate_WrongEmailAddress -->
</testsuite> <!-- Default test -->
